{"C:\\Users\\natal\\Documents\\8. CORNER ESTUDIOS\\CommodaFlow\\mobile\\components\\RentalModal.tsx": {"path":"C:\\Users\\natal\\Documents\\8. CORNER ESTUDIOS\\CommodaFlow\\mobile\\components\\RentalModal.tsx","statementMap":{"0":{"start":{"line":38,"column":12},"end":{"line":38,"column":22}},"1":{"start":{"line":39,"column":2},"end":{"line":39,"column":115}},"2":{"start":{"line":50,"column":12},"end":{"line":50,"column":22}},"3":{"start":{"line":51,"column":2},"end":{"line":51,"column":29}},"4":{"start":{"line":52,"column":2},"end":{"line":52,"column":115}},"5":{"start":{"line":64,"column":12},"end":{"line":64,"column":41}},"6":{"start":{"line":65,"column":12},"end":{"line":65,"column":39}},"7":{"start":{"line":66,"column":2},"end":{"line":66,"column":72}},"8":{"start":{"line":77,"column":12},"end":{"line":77,"column":39}},"9":{"start":{"line":78,"column":2},"end":{"line":78,"column":45}},"10":{"start":{"line":89,"column":12},"end":{"line":89,"column":39}},"11":{"start":{"line":90,"column":2},"end":{"line":90,"column":37}},"12":{"start":{"line":90,"column":26},"end":{"line":90,"column":37}},"13":{"start":{"line":91,"column":2},"end":{"line":91,"column":92}},"14":{"start":{"line":127,"column":17},"end":{"line":127,"column":33}},"15":{"start":{"line":128,"column":16},"end":{"line":128,"column":41}},"16":{"start":{"line":130,"column":36},"end":{"line":130,"column":56}},"17":{"start":{"line":131,"column":32},"end":{"line":131,"column":55}},"18":{"start":{"line":133,"column":42},"end":{"line":133,"column":80}},"19":{"start":{"line":134,"column":42},"end":{"line":134,"column":57}},"20":{"start":{"line":137,"column":16},"end":{"line":141,"column":8}},"21":{"start":{"line":138,"column":14},"end":{"line":138,"column":24}},"22":{"start":{"line":139,"column":4},"end":{"line":139,"column":27}},"23":{"start":{"line":140,"column":4},"end":{"line":140,"column":13}},"24":{"start":{"line":144,"column":21},"end":{"line":148,"column":17}},"25":{"start":{"line":145,"column":14},"end":{"line":145,"column":31}},"26":{"start":{"line":146,"column":4},"end":{"line":146,"column":31}},"27":{"start":{"line":147,"column":4},"end":{"line":147,"column":13}},"28":{"start":{"line":156,"column":21},"end":{"line":169,"column":26}},"29":{"start":{"line":157,"column":26},"end":{"line":157,"column":36}},"30":{"start":{"line":158,"column":4},"end":{"line":158,"column":39}},"31":{"start":{"line":159,"column":18},"end":{"line":159,"column":51}},"32":{"start":{"line":161,"column":4},"end":{"line":163,"column":5}},"33":{"start":{"line":162,"column":6},"end":{"line":162,"column":100}},"34":{"start":{"line":165,"column":17},"end":{"line":165,"column":45}},"35":{"start":{"line":166,"column":4},"end":{"line":166,"column":103}},"36":{"start":{"line":166,"column":18},"end":{"line":166,"column":103}},"37":{"start":{"line":167,"column":4},"end":{"line":167,"column":98}},"38":{"start":{"line":167,"column":20},"end":{"line":167,"column":98}},"39":{"start":{"line":168,"column":4},"end":{"line":168,"column":48}},"40":{"start":{"line":172,"column":21},"end":{"line":172,"column":61}},"41":{"start":{"line":187,"column":4},"end":{"line":187,"column":57}},"42":{"start":{"line":187,"column":35},"end":{"line":187,"column":57}},"43":{"start":{"line":188,"column":4},"end":{"line":188,"column":22}},"44":{"start":{"line":188,"column":15},"end":{"line":188,"column":22}},"45":{"start":{"line":190,"column":16},"end":{"line":190,"column":48}},"46":{"start":{"line":191,"column":4},"end":{"line":201,"column":5}},"47":{"start":{"line":192,"column":6},"end":{"line":192,"column":24}},"48":{"start":{"line":194,"column":6},"end":{"line":198,"column":7}},"49":{"start":{"line":195,"column":21},"end":{"line":195,"column":48}},"50":{"start":{"line":196,"column":8},"end":{"line":196,"column":41}},"51":{"start":{"line":197,"column":8},"end":{"line":197,"column":53}},"52":{"start":{"line":199,"column":11},"end":{"line":201,"column":5}},"53":{"start":{"line":200,"column":6},"end":{"line":200,"column":22}},"54":{"start":{"line":212,"column":4},"end":{"line":212,"column":45}},"55":{"start":{"line":212,"column":38},"end":{"line":212,"column":45}},"56":{"start":{"line":214,"column":4},"end":{"line":214,"column":26}},"57":{"start":{"line":215,"column":4},"end":{"line":243,"column":5}},"58":{"start":{"line":216,"column":18},"end":{"line":227,"column":8}},"59":{"start":{"line":229,"column":6},"end":{"line":232,"column":7}},"60":{"start":{"line":230,"column":21},"end":{"line":230,"column":55}},"61":{"start":{"line":230,"column":51},"end":{"line":230,"column":53}},"62":{"start":{"line":231,"column":8},"end":{"line":231,"column":62}},"63":{"start":{"line":234,"column":6},"end":{"line":234,"column":80}},"64":{"start":{"line":236,"column":6},"end":{"line":236,"column":56}},"65":{"start":{"line":237,"column":6},"end":{"line":237,"column":18}},"66":{"start":{"line":238,"column":6},"end":{"line":238,"column":16}},"67":{"start":{"line":240,"column":6},"end":{"line":240,"column":85}},"68":{"start":{"line":242,"column":6},"end":{"line":242,"column":29}},"69":{"start":{"line":246,"column":2},"end":{"line":246,"column":25}},"70":{"start":{"line":246,"column":13},"end":{"line":246,"column":25}},"71":{"start":{"line":248,"column":2},"end":{"line":390,"column":4}},"72":{"start":{"line":282,"column":31},"end":{"line":282,"column":55}},"73":{"start":{"line":290,"column":31},"end":{"line":290,"column":53}},"74":{"start":{"line":304,"column":35},"end":{"line":304,"column":56}},"75":{"start":{"line":411,"column":2},"end":{"line":432,"column":4}},"76":{"start":{"line":437,"column":10},"end":{"line":472,"column":2}},"77":{"start":{"line":474,"column":11},"end":{"line":479,"column":2}}},"fnMap":{"0":{"name":"todayStr","decl":{"start":{"line":37,"column":9},"end":{"line":37,"column":17}},"loc":{"start":{"line":37,"column":28},"end":{"line":40,"column":1}},"line":37},"1":{"name":"tomorrowStr","decl":{"start":{"line":49,"column":9},"end":{"line":49,"column":20}},"loc":{"start":{"line":49,"column":31},"end":{"line":53,"column":1}},"line":49},"2":{"name":"calcDays","decl":{"start":{"line":63,"column":9},"end":{"line":63,"column":17}},"loc":{"start":{"line":63,"column":54},"end":{"line":67,"column":1}},"line":63},"3":{"name":"toDate","decl":{"start":{"line":76,"column":9},"end":{"line":76,"column":15}},"loc":{"start":{"line":76,"column":35},"end":{"line":79,"column":1}},"line":76},"4":{"name":"formatDisplay","decl":{"start":{"line":88,"column":9},"end":{"line":88,"column":22}},"loc":{"start":{"line":88,"column":44},"end":{"line":92,"column":1}},"line":88},"5":{"name":"RentalModal","decl":{"start":{"line":126,"column":16},"end":{"line":126,"column":27}},"loc":{"start":{"line":126,"column":80},"end":{"line":391,"column":1}},"line":126},"6":{"name":"(anonymous_6)","decl":{"start":{"line":137,"column":24},"end":{"line":137,"column":25}},"loc":{"start":{"line":137,"column":30},"end":{"line":141,"column":3}},"line":137},"7":{"name":"(anonymous_7)","decl":{"start":{"line":144,"column":29},"end":{"line":144,"column":30}},"loc":{"start":{"line":144,"column":35},"end":{"line":148,"column":3}},"line":144},"8":{"name":"(anonymous_8)","decl":{"start":{"line":156,"column":29},"end":{"line":156,"column":30}},"loc":{"start":{"line":156,"column":35},"end":{"line":169,"column":3}},"line":156},"9":{"name":"handleDateChange","decl":{"start":{"line":185,"column":11},"end":{"line":185,"column":27}},"loc":{"start":{"line":185,"column":70},"end":{"line":202,"column":3}},"line":185},"10":{"name":"handleConfirm","decl":{"start":{"line":211,"column":17},"end":{"line":211,"column":30}},"loc":{"start":{"line":211,"column":33},"end":{"line":244,"column":3}},"line":211},"11":{"name":"(anonymous_11)","decl":{"start":{"line":230,"column":44},"end":{"line":230,"column":45}},"loc":{"start":{"line":230,"column":51},"end":{"line":230,"column":53}},"line":230},"12":{"name":"(anonymous_12)","decl":{"start":{"line":282,"column":25},"end":{"line":282,"column":26}},"loc":{"start":{"line":282,"column":31},"end":{"line":282,"column":55}},"line":282},"13":{"name":"(anonymous_13)","decl":{"start":{"line":290,"column":25},"end":{"line":290,"column":26}},"loc":{"start":{"line":290,"column":31},"end":{"line":290,"column":53}},"line":290},"14":{"name":"(anonymous_14)","decl":{"start":{"line":304,"column":29},"end":{"line":304,"column":30}},"loc":{"start":{"line":304,"column":35},"end":{"line":304,"column":56}},"line":304},"15":{"name":"DateField","decl":{"start":{"line":408,"column":9},"end":{"line":408,"column":18}},"loc":{"start":{"line":410,"column":3},"end":{"line":433,"column":1}},"line":410}},"branchMap":{"0":{"loc":{"start":{"line":78,"column":9},"end":{"line":78,"column":44}},"type":"cond-expr","locations":[{"start":{"line":78,"column":30},"end":{"line":78,"column":40}},{"start":{"line":78,"column":43},"end":{"line":78,"column":44}}],"line":78},"1":{"loc":{"start":{"line":90,"column":2},"end":{"line":90,"column":37}},"type":"if","locations":[{"start":{"line":90,"column":2},"end":{"line":90,"column":37}},{"start":{},"end":{}}],"line":90},"2":{"loc":{"start":{"line":128,"column":23},"end":{"line":128,"column":40}},"type":"binary-expr","locations":[{"start":{"line":128,"column":23},"end":{"line":128,"column":29}},{"start":{"line":128,"column":33},"end":{"line":128,"column":40}}],"line":128},"3":{"loc":{"start":{"line":161,"column":4},"end":{"line":163,"column":5}},"type":"if","locations":[{"start":{"line":161,"column":4},"end":{"line":163,"column":5}},{"start":{},"end":{}}],"line":161},"4":{"loc":{"start":{"line":166,"column":4},"end":{"line":166,"column":103}},"type":"if","locations":[{"start":{"line":166,"column":4},"end":{"line":166,"column":103}},{"start":{},"end":{}}],"line":166},"5":{"loc":{"start":{"line":167,"column":4},"end":{"line":167,"column":98}},"type":"if","locations":[{"start":{"line":167,"column":4},"end":{"line":167,"column":98}},{"start":{},"end":{}}],"line":167},"6":{"loc":{"start":{"line":172,"column":40},"end":{"line":172,"column":60}},"type":"binary-expr","locations":[{"start":{"line":172,"column":40},"end":{"line":172,"column":55}},{"start":{"line":172,"column":59},"end":{"line":172,"column":60}}],"line":172},"7":{"loc":{"start":{"line":187,"column":4},"end":{"line":187,"column":57}},"type":"if","locations":[{"start":{"line":187,"column":4},"end":{"line":187,"column":57}},{"start":{},"end":{}}],"line":187},"8":{"loc":{"start":{"line":188,"column":4},"end":{"line":188,"column":22}},"type":"if","locations":[{"start":{"line":188,"column":4},"end":{"line":188,"column":22}},{"start":{},"end":{}}],"line":188},"9":{"loc":{"start":{"line":191,"column":4},"end":{"line":201,"column":5}},"type":"if","locations":[{"start":{"line":191,"column":4},"end":{"line":201,"column":5}},{"start":{"line":199,"column":11},"end":{"line":201,"column":5}}],"line":191},"10":{"loc":{"start":{"line":194,"column":6},"end":{"line":198,"column":7}},"type":"if","locations":[{"start":{"line":194,"column":6},"end":{"line":198,"column":7}},{"start":{},"end":{}}],"line":194},"11":{"loc":{"start":{"line":199,"column":11},"end":{"line":201,"column":5}},"type":"if","locations":[{"start":{"line":199,"column":11},"end":{"line":201,"column":5}},{"start":{},"end":{}}],"line":199},"12":{"loc":{"start":{"line":212,"column":4},"end":{"line":212,"column":45}},"type":"if","locations":[{"start":{"line":212,"column":4},"end":{"line":212,"column":45}},{"start":{},"end":{}}],"line":212},"13":{"loc":{"start":{"line":212,"column":8},"end":{"line":212,"column":36}},"type":"binary-expr","locations":[{"start":{"line":212,"column":8},"end":{"line":212,"column":13}},{"start":{"line":212,"column":17},"end":{"line":212,"column":36}}],"line":212},"14":{"loc":{"start":{"line":229,"column":6},"end":{"line":232,"column":7}},"type":"if","locations":[{"start":{"line":229,"column":6},"end":{"line":232,"column":7}},{"start":{},"end":{}}],"line":229},"15":{"loc":{"start":{"line":231,"column":24},"end":{"line":231,"column":60}},"type":"binary-expr","locations":[{"start":{"line":231,"column":24},"end":{"line":231,"column":34}},{"start":{"line":231,"column":38},"end":{"line":231,"column":60}}],"line":231},"16":{"loc":{"start":{"line":240,"column":27},"end":{"line":240,"column":83}},"type":"cond-expr","locations":[{"start":{"line":240,"column":50},"end":{"line":240,"column":61}},{"start":{"line":240,"column":64},"end":{"line":240,"column":83}}],"line":240},"17":{"loc":{"start":{"line":246,"column":2},"end":{"line":246,"column":25}},"type":"if","locations":[{"start":{"line":246,"column":2},"end":{"line":246,"column":25}},{"start":{},"end":{}}],"line":246},"18":{"loc":{"start":{"line":297,"column":13},"end":{"line":321,"column":13}},"type":"binary-expr","locations":[{"start":{"line":297,"column":13},"end":{"line":297,"column":34}},{"start":{"line":297,"column":38},"end":{"line":297,"column":59}},{"start":{"line":298,"column":14},"end":{"line":320,"column":21}}],"line":297},"19":{"loc":{"start":{"line":301,"column":21},"end":{"line":301,"column":86}},"type":"cond-expr","locations":[{"start":{"line":301,"column":48},"end":{"line":301,"column":67}},{"start":{"line":301,"column":70},"end":{"line":301,"column":86}}],"line":301},"20":{"loc":{"start":{"line":311,"column":25},"end":{"line":311,"column":87}},"type":"cond-expr","locations":[{"start":{"line":311,"column":52},"end":{"line":311,"column":69}},{"start":{"line":311,"column":72},"end":{"line":311,"column":87}}],"line":311},"21":{"loc":{"start":{"line":314,"column":31},"end":{"line":314,"column":76}},"type":"cond-expr","locations":[{"start":{"line":314,"column":58},"end":{"line":314,"column":63}},{"start":{"line":314,"column":66},"end":{"line":314,"column":76}}],"line":314},"22":{"loc":{"start":{"line":316,"column":32},"end":{"line":316,"column":68}},"type":"cond-expr","locations":[{"start":{"line":316,"column":52},"end":{"line":316,"column":58}},{"start":{"line":316,"column":61},"end":{"line":316,"column":68}}],"line":316},"23":{"loc":{"start":{"line":324,"column":13},"end":{"line":332,"column":13}},"type":"binary-expr","locations":[{"start":{"line":324,"column":13},"end":{"line":324,"column":38}},{"start":{"line":324,"column":42},"end":{"line":324,"column":63}},{"start":{"line":325,"column":14},"end":{"line":331,"column":16}}],"line":324},"24":{"loc":{"start":{"line":326,"column":23},"end":{"line":326,"column":85}},"type":"cond-expr","locations":[{"start":{"line":326,"column":50},"end":{"line":326,"column":67}},{"start":{"line":326,"column":70},"end":{"line":326,"column":85}}],"line":326},"25":{"loc":{"start":{"line":329,"column":29},"end":{"line":329,"column":74}},"type":"cond-expr","locations":[{"start":{"line":329,"column":56},"end":{"line":329,"column":61}},{"start":{"line":329,"column":64},"end":{"line":329,"column":74}}],"line":329},"26":{"loc":{"start":{"line":335,"column":13},"end":{"line":340,"column":13}},"type":"binary-expr","locations":[{"start":{"line":335,"column":13},"end":{"line":335,"column":32}},{"start":{"line":336,"column":14},"end":{"line":339,"column":21}}],"line":335},"27":{"loc":{"start":{"line":344,"column":31},"end":{"line":344,"column":89}},"type":"cond-expr","locations":[{"start":{"line":344,"column":52},"end":{"line":344,"column":70}},{"start":{"line":344,"column":73},"end":{"line":344,"column":89}}],"line":344},"28":{"loc":{"start":{"line":345,"column":27},"end":{"line":345,"column":83}},"type":"cond-expr","locations":[{"start":{"line":345,"column":48},"end":{"line":345,"column":68}},{"start":{"line":345,"column":71},"end":{"line":345,"column":83}}],"line":345},"29":{"loc":{"start":{"line":346,"column":23},"end":{"line":346,"column":51}},"type":"cond-expr","locations":[{"start":{"line":346,"column":44},"end":{"line":346,"column":45}},{"start":{"line":346,"column":48},"end":{"line":346,"column":51}}],"line":346},"30":{"loc":{"start":{"line":350,"column":53},"end":{"line":350,"column":109}},"type":"cond-expr","locations":[{"start":{"line":350,"column":74},"end":{"line":350,"column":87}},{"start":{"line":350,"column":90},"end":{"line":350,"column":109}}],"line":350},"31":{"loc":{"start":{"line":353,"column":17},"end":{"line":357,"column":17}},"type":"binary-expr","locations":[{"start":{"line":353,"column":17},"end":{"line":353,"column":35}},{"start":{"line":354,"column":18},"end":{"line":356,"column":25}}],"line":353},"32":{"loc":{"start":{"line":355,"column":42},"end":{"line":355,"column":74}},"type":"cond-expr","locations":[{"start":{"line":355,"column":66},"end":{"line":355,"column":69}},{"start":{"line":355,"column":72},"end":{"line":355,"column":74}}],"line":355},"33":{"loc":{"start":{"line":376,"column":35},"end":{"line":376,"column":84}},"type":"cond-expr","locations":[{"start":{"line":376,"column":56},"end":{"line":376,"column":69}},{"start":{"line":376,"column":72},"end":{"line":376,"column":84}}],"line":376},"34":{"loc":{"start":{"line":379,"column":26},"end":{"line":379,"column":61}},"type":"binary-expr","locations":[{"start":{"line":379,"column":26},"end":{"line":379,"column":45}},{"start":{"line":379,"column":49},"end":{"line":379,"column":61}}],"line":379},"35":{"loc":{"start":{"line":381,"column":17},"end":{"line":383,"column":73}},"type":"cond-expr","locations":[{"start":{"line":382,"column":20},"end":{"line":382,"column":54}},{"start":{"line":383,"column":20},"end":{"line":383,"column":73}}],"line":381},"36":{"loc":{"start":{"line":415,"column":58},"end":{"line":415,"column":95}},"type":"cond-expr","locations":[{"start":{"line":415,"column":67},"end":{"line":415,"column":80}},{"start":{"line":415,"column":83},"end":{"line":415,"column":95}}],"line":415},"37":{"loc":{"start":{"line":424,"column":17},"end":{"line":424,"column":61}},"type":"cond-expr","locations":[{"start":{"line":424,"column":26},"end":{"line":424,"column":39}},{"start":{"line":424,"column":42},"end":{"line":424,"column":61}}],"line":424},"38":{"loc":{"start":{"line":426,"column":41},"end":{"line":426,"column":85}},"type":"cond-expr","locations":[{"start":{"line":426,"column":50},"end":{"line":426,"column":63}},{"start":{"line":426,"column":66},"end":{"line":426,"column":85}}],"line":426}},"s":{"0":2,"1":2,"2":2,"3":2,"4":2,"5":2,"6":2,"7":2,"8":2,"9":2,"10":0,"11":0,"12":0,"13":0,"14":2,"15":2,"16":2,"17":2,"18":2,"19":2,"20":2,"21":2,"22":2,"23":2,"24":2,"25":2,"26":2,"27":2,"28":2,"29":2,"30":2,"31":2,"32":2,"33":0,"34":2,"35":2,"36":0,"37":2,"38":0,"39":2,"40":2,"41":0,"42":0,"43":0,"44":0,"45":0,"46":0,"47":0,"48":0,"49":0,"50":0,"51":0,"52":0,"53":0,"54":0,"55":0,"56":0,"57":0,"58":0,"59":0,"60":0,"61":0,"62":0,"63":0,"64":0,"65":0,"66":0,"67":0,"68":0,"69":2,"70":2,"71":0,"72":0,"73":0,"74":0,"75":0,"76":1,"77":1},"f":{"0":2,"1":2,"2":2,"3":2,"4":0,"5":2,"6":2,"7":2,"8":2,"9":0,"10":0,"11":0,"12":0,"13":0,"14":0,"15":0},"b":{"0":[0,2],"1":[0,0],"2":[2,0],"3":[0,2],"4":[0,2],"5":[0,2],"6":[2,2],"7":[0,0],"8":[0,0],"9":[0,0],"10":[0,0],"11":[0,0],"12":[0,0],"13":[0,0],"14":[0,0],"15":[0,0],"16":[0,0],"17":[2,0],"18":[0,0,0],"19":[0,0],"20":[0,0],"21":[0,0],"22":[0,0],"23":[0,0,0],"24":[0,0],"25":[0,0],"26":[0,0],"27":[0,0],"28":[0,0],"29":[0,0],"30":[0,0],"31":[0,0],"32":[0,0],"33":[0,0],"34":[0,0],"35":[0,0],"36":[0,0],"37":[0,0],"38":[0,0]},"_coverageSchema":"1a1c01bbd47fc00a2c39e90264f33305004495a9","hash":"3ed3e0520911fd68b36276f17f56ab2a7dac1c2d"}
,"C:\\Users\\natal\\Documents\\8. CORNER ESTUDIOS\\CommodaFlow\\mobile\\components\\SwipeableRow.tsx": {"path":"C:\\Users\\natal\\Documents\\8. CORNER ESTUDIOS\\CommodaFlow\\mobile\\components\\SwipeableRow.tsx","statementMap":{"0":{"start":{"line":16,"column":18},"end":{"line":16,"column":20}},"1":{"start":{"line":57,"column":21},"end":{"line":57,"column":38}},"2":{"start":{"line":59,"column":14},"end":{"line":77,"column":6}},"3":{"start":{"line":63,"column":6},"end":{"line":65,"column":7}},"4":{"start":{"line":64,"column":8},"end":{"line":64,"column":42}},"5":{"start":{"line":68,"column":6},"end":{"line":76,"column":7}},"6":{"start":{"line":70,"column":8},"end":{"line":72,"column":11}},"7":{"start":{"line":71,"column":10},"end":{"line":71,"column":43}},"8":{"start":{"line":71,"column":24},"end":{"line":71,"column":43}},"9":{"start":{"line":75,"column":8},"end":{"line":75,"column":41}},"10":{"start":{"line":80,"column":20},"end":{"line":82,"column":5}},"11":{"start":{"line":80,"column":44},"end":{"line":82,"column":3}},"12":{"start":{"line":85,"column":22},"end":{"line":92,"column":5}},"13":{"start":{"line":85,"column":46},"end":{"line":92,"column":3}},"14":{"start":{"line":94,"column":2},"end":{"line":107,"column":4}},"15":{"start":{"line":110,"column":10},"end":{"line":124,"column":2}}},"fnMap":{"0":{"name":"SwipeableRow","decl":{"start":{"line":56,"column":16},"end":{"line":56,"column":28}},"loc":{"start":{"line":56,"column":91},"end":{"line":108,"column":1}},"line":56},"1":{"name":"(anonymous_1)","decl":{"start":{"line":61,"column":14},"end":{"line":61,"column":15}},"loc":{"start":{"line":61,"column":21},"end":{"line":66,"column":5}},"line":61},"2":{"name":"(anonymous_2)","decl":{"start":{"line":67,"column":11},"end":{"line":67,"column":12}},"loc":{"start":{"line":67,"column":17},"end":{"line":77,"column":5}},"line":67},"3":{"name":"(anonymous_3)","decl":{"start":{"line":70,"column":63},"end":{"line":70,"column":64}},"loc":{"start":{"line":70,"column":77},"end":{"line":72,"column":9}},"line":70},"4":{"name":"(anonymous_4)","decl":{"start":{"line":80,"column":37},"end":{"line":80,"column":38}},"loc":{"start":{"line":80,"column":44},"end":{"line":82,"column":3}},"line":80},"5":{"name":"(anonymous_5)","decl":{"start":{"line":85,"column":39},"end":{"line":85,"column":40}},"loc":{"start":{"line":85,"column":46},"end":{"line":92,"column":3}},"line":85}},"branchMap":{"0":{"loc":{"start":{"line":63,"column":6},"end":{"line":65,"column":7}},"type":"if","locations":[{"start":{"line":63,"column":6},"end":{"line":65,"column":7}},{"start":{},"end":{}}],"line":63},"1":{"loc":{"start":{"line":68,"column":6},"end":{"line":76,"column":7}},"type":"if","locations":[{"start":{"line":68,"column":6},"end":{"line":76,"column":7}},{"start":{"line":73,"column":13},"end":{"line":76,"column":7}}],"line":68},"2":{"loc":{"start":{"line":71,"column":10},"end":{"line":71,"column":43}},"type":"if","locations":[{"start":{"line":71,"column":10},"end":{"line":71,"column":43}},{"start":{},"end":{}}],"line":71}},"s":{"0":0,"1":0,"2":0,"3":0,"4":0,"5":0,"6":0,"7":0,"8":0,"9":0,"10":0,"11":0,"12":0,"13":0,"14":0,"15":0},"f":{"0":0,"1":0,"2":0,"3":0,"4":0,"5":0},"b":{"0":[0,0],"1":[0,0],"2":[0,0]}}
,"C:\\Users\\natal\\Documents\\8. CORNER ESTUDIOS\\CommodaFlow\\mobile\\components\\items\\HardwareCard.tsx": {"path":"C:\\Users\\natal\\Documents\\8. CORNER ESTUDIOS\\CommodaFlow\\mobile\\components\\items\\HardwareCard.tsx","statementMap":{"0":{"start":{"line":30,"column":85},"end":{"line":34,"column":1}},"1":{"start":{"line":40,"column":45},"end":{"line":44,"column":1}},"2":{"start":{"line":72,"column":17},"end":{"line":72,"column":33}},"3":{"start":{"line":73,"column":16},"end":{"line":73,"column":41}},"4":{"start":{"line":74,"column":24},"end":{"line":74,"column":70}},"5":{"start":{"line":75,"column":22},"end":{"line":75,"column":70}},"6":{"start":{"line":77,"column":2},"end":{"line":103,"column":4}},"7":{"start":{"line":106,"column":10},"end":{"line":119,"column":2}}},"fnMap":{"0":{"name":"HardwareCard","decl":{"start":{"line":71,"column":16},"end":{"line":71,"column":28}},"loc":{"start":{"line":71,"column":66},"end":{"line":104,"column":1}},"line":71}},"branchMap":{"0":{"loc":{"start":{"line":71,"column":46},"end":{"line":71,"column":55}},"type":"default-arg","locations":[{"start":{"line":71,"column":54},"end":{"line":71,"column":55}}],"line":71},"1":{"loc":{"start":{"line":73,"column":23},"end":{"line":73,"column":40}},"type":"binary-expr","locations":[{"start":{"line":73,"column":23},"end":{"line":73,"column":29}},{"start":{"line":73,"column":33},"end":{"line":73,"column":40}}],"line":73},"2":{"loc":{"start":{"line":74,"column":24},"end":{"line":74,"column":70}},"type":"binary-expr","locations":[{"start":{"line":74,"column":24},"end":{"line":74,"column":53}},{"start":{"line":74,"column":57},"end":{"line":74,"column":70}}],"line":74},"3":{"loc":{"start":{"line":75,"column":22},"end":{"line":75,"column":70}},"type":"binary-expr","locations":[{"start":{"line":75,"column":22},"end":{"line":75,"column":47}},{"start":{"line":75,"column":51},"end":{"line":75,"column":70}}],"line":75},"4":{"loc":{"start":{"line":85,"column":27},"end":{"line":85,"column":101}},"type":"cond-expr","locations":[{"start":{"line":85,"column":57},"end":{"line":85,"column":89}},{"start":{"line":85,"column":92},"end":{"line":85,"column":101}}],"line":85},"5":{"loc":{"start":{"line":88,"column":26},"end":{"line":88,"column":72}},"type":"binary-expr","locations":[{"start":{"line":88,"column":26},"end":{"line":88,"column":54}},{"start":{"line":88,"column":58},"end":{"line":88,"column":72}}],"line":88}},"s":{"0":2,"1":2,"2":7,"3":7,"4":7,"5":7,"6":7,"7":2},"f":{"0":7},"b":{"0":[5],"1":[7,0],"2":[7,0],"3":[7,0],"4":[6,1],"5":[7,0]},"_coverageSchema":"1a1c01bbd47fc00a2c39e90264f33305004495a9","hash":"a82d4b27b7ba17cd78ac91b948a9621af49a529d"}
,"C:\\Users\\natal\\Documents\\8. CORNER ESTUDIOS\\CommodaFlow\\mobile\\components\\items\\RentalCard.tsx": {"path":"C:\\Users\\natal\\Documents\\8. CORNER ESTUDIOS\\CommodaFlow\\mobile\\components\\items\\RentalCard.tsx","statementMap":{"0":{"start":{"line":20,"column":45},"end":{"line":26,"column":1}},"1":{"start":{"line":36,"column":2},"end":{"line":36,"column":28}},"2":{"start":{"line":36,"column":16},"end":{"line":36,"column":28}},"3":{"start":{"line":37,"column":12},"end":{"line":37,"column":29}},"4":{"start":{"line":38,"column":2},"end":{"line":38,"column":38}},"5":{"start":{"line":38,"column":26},"end":{"line":38,"column":38}},"6":{"start":{"line":39,"column":2},"end":{"line":39,"column":71}},"7":{"start":{"line":44,"column":2},"end":{"line":44,"column":24}},"8":{"start":{"line":44,"column":13},"end":{"line":44,"column":24}},"9":{"start":{"line":45,"column":12},"end":{"line":45,"column":26}},"10":{"start":{"line":46,"column":2},"end":{"line":46,"column":37}},"11":{"start":{"line":46,"column":26},"end":{"line":46,"column":37}},"12":{"start":{"line":47,"column":2},"end":{"line":47,"column":39}},"13":{"start":{"line":70,"column":17},"end":{"line":70,"column":33}},"14":{"start":{"line":71,"column":16},"end":{"line":71,"column":41}},"15":{"start":{"line":72,"column":22},"end":{"line":72,"column":70}},"16":{"start":{"line":73,"column":15},"end":{"line":73,"column":42}},"17":{"start":{"line":74,"column":19},"end":{"line":74,"column":43}},"18":{"start":{"line":76,"column":2},"end":{"line":112,"column":4}},"19":{"start":{"line":115,"column":10},"end":{"line":128,"column":2}}},"fnMap":{"0":{"name":"daysRemaining","decl":{"start":{"line":35,"column":9},"end":{"line":35,"column":22}},"loc":{"start":{"line":35,"column":74},"end":{"line":40,"column":1}},"line":35},"1":{"name":"fmtDate","decl":{"start":{"line":43,"column":9},"end":{"line":43,"column":16}},"loc":{"start":{"line":43,"column":58},"end":{"line":48,"column":1}},"line":43},"2":{"name":"RentalCard","decl":{"start":{"line":69,"column":16},"end":{"line":69,"column":26}},"loc":{"start":{"line":69,"column":53},"end":{"line":113,"column":1}},"line":69}},"branchMap":{"0":{"loc":{"start":{"line":36,"column":2},"end":{"line":36,"column":28}},"type":"if","locations":[{"start":{"line":36,"column":2},"end":{"line":36,"column":28}},{"start":{},"end":{}}],"line":36},"1":{"loc":{"start":{"line":38,"column":2},"end":{"line":38,"column":38}},"type":"if","locations":[{"start":{"line":38,"column":2},"end":{"line":38,"column":38}},{"start":{},"end":{}}],"line":38},"2":{"loc":{"start":{"line":44,"column":2},"end":{"line":44,"column":24}},"type":"if","locations":[{"start":{"line":44,"column":2},"end":{"line":44,"column":24}},{"start":{},"end":{}}],"line":44},"3":{"loc":{"start":{"line":46,"column":2},"end":{"line":46,"column":37}},"type":"if","locations":[{"start":{"line":46,"column":2},"end":{"line":46,"column":37}},{"start":{},"end":{}}],"line":46},"4":{"loc":{"start":{"line":71,"column":23},"end":{"line":71,"column":40}},"type":"binary-expr","locations":[{"start":{"line":71,"column":23},"end":{"line":71,"column":29}},{"start":{"line":71,"column":33},"end":{"line":71,"column":40}}],"line":71},"5":{"loc":{"start":{"line":72,"column":22},"end":{"line":72,"column":70}},"type":"binary-expr","locations":[{"start":{"line":72,"column":22},"end":{"line":72,"column":47}},{"start":{"line":72,"column":51},"end":{"line":72,"column":70}}],"line":72},"6":{"loc":{"start":{"line":82,"column":13},"end":{"line":82,"column":57}},"type":"binary-expr","locations":[{"start":{"line":82,"column":13},"end":{"line":82,"column":33}},{"start":{"line":82,"column":37},"end":{"line":82,"column":57}}],"line":82},"7":{"loc":{"start":{"line":93,"column":66},"end":{"line":93,"column":88}},"type":"binary-expr","locations":[{"start":{"line":93,"column":66},"end":{"line":93,"column":81}},{"start":{"line":93,"column":85},"end":{"line":93,"column":88}}],"line":93},"8":{"loc":{"start":{"line":104,"column":59},"end":{"line":104,"column":79}},"type":"binary-expr","locations":[{"start":{"line":104,"column":59},"end":{"line":104,"column":74}},{"start":{"line":104,"column":78},"end":{"line":104,"column":79}}],"line":104},"9":{"loc":{"start":{"line":105,"column":9},"end":{"line":109,"column":9}},"type":"binary-expr","locations":[{"start":{"line":105,"column":9},"end":{"line":105,"column":17}},{"start":{"line":105,"column":21},"end":{"line":105,"column":34}},{"start":{"line":106,"column":10},"end":{"line":108,"column":17}}],"line":105},"10":{"loc":{"start":{"line":106,"column":41},"end":{"line":106,"column":86}},"type":"cond-expr","locations":[{"start":{"line":106,"column":52},"end":{"line":106,"column":64}},{"start":{"line":106,"column":67},"end":{"line":106,"column":86}}],"line":106},"11":{"loc":{"start":{"line":107,"column":13},"end":{"line":107,"column":80}},"type":"cond-expr","locations":[{"start":{"line":107,"column":24},"end":{"line":107,"column":57}},{"start":{"line":107,"column":60},"end":{"line":107,"column":80}}],"line":107}},"s":{"0":0,"1":0,"2":0,"3":0,"4":0,"5":0,"6":0,"7":0,"8":0,"9":0,"10":0,"11":0,"12":0,"13":0,"14":0,"15":0,"16":0,"17":0,"18":0,"19":0},"f":{"0":0,"1":0,"2":0},"b":{"0":[0,0],"1":[0,0],"2":[0,0],"3":[0,0],"4":[0,0],"5":[0,0],"6":[0,0],"7":[0,0],"8":[0,0],"9":[0,0,0],"10":[0,0],"11":[0,0]}}
,"C:\\Users\\natal\\Documents\\8. CORNER ESTUDIOS\\CommodaFlow\\mobile\\lib\\firebase.ts": {"path":"C:\\Users\\natal\\Documents\\8. CORNER ESTUDIOS\\CommodaFlow\\mobile\\lib\\firebase.ts","statementMap":{"0":{"start":{"line":12,"column":23},"end":{"line":19,"column":1}},"1":{"start":{"line":22,"column":12},"end":{"line":22,"column":71}},"2":{"start":{"line":35,"column":0},"end":{"line":41,"column":1}},"3":{"start":{"line":36,"column":2},"end":{"line":38,"column":5}},"4":{"start":{"line":40,"column":2},"end":{"line":40,"column":22}}},"fnMap":{},"branchMap":{"0":{"loc":{"start":{"line":22,"column":12},"end":{"line":22,"column":71}},"type":"cond-expr","locations":[{"start":{"line":22,"column":31},"end":{"line":22,"column":39}},{"start":{"line":22,"column":42},"end":{"line":22,"column":71}}],"line":22}},"s":{"0":0,"1":0,"2":0,"3":0,"4":0},"f":{},"b":{"0":[0,0]}}
,"C:\\Users\\natal\\Documents\\8. CORNER ESTUDIOS\\CommodaFlow\\mobile\\lib\\notifications.ts": {"path":"C:\\Users\\natal\\Documents\\8. CORNER ESTUDIOS\\CommodaFlow\\mobile\\lib\\notifications.ts","statementMap":{"0":{"start":{"line":12,"column":2},"end":{"line":19,"column":5}},"1":{"start":{"line":13,"column":37},"end":{"line":18,"column":5}},"2":{"start":{"line":31,"column":31},"end":{"line":31,"column":72}},"3":{"start":{"line":32,"column":15},"end":{"line":32,"column":23}},"4":{"start":{"line":34,"column":2},"end":{"line":37,"column":3}},"5":{"start":{"line":35,"column":19},"end":{"line":35,"column":64}},"6":{"start":{"line":36,"column":4},"end":{"line":36,"column":27}},"7":{"start":{"line":40,"column":2},"end":{"line":46,"column":3}},"8":{"start":{"line":41,"column":4},"end":{"line":45,"column":7}},"9":{"start":{"line":48,"column":2},"end":{"line":48,"column":30}},"10":{"start":{"line":66,"column":18},"end":{"line":66,"column":55}},"11":{"start":{"line":67,"column":2},"end":{"line":67,"column":28}},"12":{"start":{"line":67,"column":16},"end":{"line":67,"column":28}},"13":{"start":{"line":70,"column":22},"end":{"line":70,"column":53}},"14":{"start":{"line":71,"column":2},"end":{"line":73,"column":3}},"15":{"start":{"line":72,"column":4},"end":{"line":72,"column":16}},"16":{"start":{"line":75,"column":13},"end":{"line":85,"column":4}},"17":{"start":{"line":87,"column":2},"end":{"line":87,"column":12}}},"fnMap":{"0":{"name":"configureNotificationHandler","decl":{"start":{"line":11,"column":16},"end":{"line":11,"column":44}},"loc":{"start":{"line":11,"column":47},"end":{"line":20,"column":1}},"line":11},"1":{"name":"(anonymous_1)","decl":{"start":{"line":13,"column":24},"end":{"line":13,"column":25}},"loc":{"start":{"line":13,"column":37},"end":{"line":18,"column":5}},"line":13},"2":{"name":"requestNotificationPermission","decl":{"start":{"line":30,"column":22},"end":{"line":30,"column":51}},"loc":{"start":{"line":30,"column":72},"end":{"line":49,"column":1}},"line":30},"3":{"name":"scheduleReturnReminder","decl":{"start":{"line":62,"column":22},"end":{"line":62,"column":44}},"loc":{"start":{"line":65,"column":26},"end":{"line":88,"column":1}},"line":65}},"branchMap":{"0":{"loc":{"start":{"line":34,"column":2},"end":{"line":37,"column":3}},"type":"if","locations":[{"start":{"line":34,"column":2},"end":{"line":37,"column":3}},{"start":{},"end":{}}],"line":34},"1":{"loc":{"start":{"line":40,"column":2},"end":{"line":46,"column":3}},"type":"if","locations":[{"start":{"line":40,"column":2},"end":{"line":46,"column":3}},{"start":{},"end":{}}],"line":40},"2":{"loc":{"start":{"line":67,"column":2},"end":{"line":67,"column":28}},"type":"if","locations":[{"start":{"line":67,"column":2},"end":{"line":67,"column":28}},{"start":{},"end":{}}],"line":67},"3":{"loc":{"start":{"line":71,"column":2},"end":{"line":73,"column":3}},"type":"if","locations":[{"start":{"line":71,"column":2},"end":{"line":73,"column":3}},{"start":{},"end":{}}],"line":71},"4":{"loc":{"start":{"line":71,"column":6},"end":{"line":71,"column":73}},"type":"binary-expr","locations":[{"start":{"line":71,"column":6},"end":{"line":71,"column":34}},{"start":{"line":71,"column":38},"end":{"line":71,"column":73}}],"line":71}},"s":{"0":0,"1":0,"2":4,"3":4,"4":4,"5":1,"6":1,"7":4,"8":0,"9":4,"10":4,"11":4,"12":1,"13":3,"14":3,"15":1,"16":2,"17":2},"f":{"0":0,"1":0,"2":4,"3":4},"b":{"0":[1,3],"1":[0,4],"2":[1,3],"3":[1,2],"4":[3,3]},"_coverageSchema":"1a1c01bbd47fc00a2c39e90264f33305004495a9","hash":"4034863c1894a75ab41bca9f3a385c58c92d2344"}
,"C:\\Users\\natal\\Documents\\8. CORNER ESTUDIOS\\CommodaFlow\\mobile\\store\\authStore.ts": {"path":"C:\\Users\\natal\\Documents\\8. CORNER ESTUDIOS\\CommodaFlow\\mobile\\store\\authStore.ts","statementMap":{"0":{"start":{"line":66,"column":28},"end":{"line":90,"column":1}},"1":{"start":{"line":68,"column":14},"end":{"line":81,"column":5}},"2":{"start":{"line":73,"column":32},"end":{"line":73,"column":75}},"3":{"start":{"line":74,"column":28},"end":{"line":74,"column":41}},"4":{"start":{"line":77,"column":8},"end":{"line":77,"column":84}},"5":{"start":{"line":78,"column":8},"end":{"line":78,"column":65}},"6":{"start":{"line":80,"column":25},"end":{"line":80,"column":50}},"7":{"start":{"line":84,"column":39},"end":{"line":84,"column":51}},"8":{"start":{"line":85,"column":32},"end":{"line":87,"column":7}},"9":{"start":{"line":86,"column":8},"end":{"line":86,"column":29}}},"fnMap":{"0":{"name":"(anonymous_0)","decl":{"start":{"line":68,"column":4},"end":{"line":68,"column":5}},"loc":{"start":{"line":68,"column":14},"end":{"line":81,"column":5}},"line":68},"1":{"name":"(anonymous_1)","decl":{"start":{"line":73,"column":15},"end":{"line":73,"column":16}},"loc":{"start":{"line":73,"column":32},"end":{"line":73,"column":75}},"line":73},"2":{"name":"(anonymous_2)","decl":{"start":{"line":74,"column":18},"end":{"line":74,"column":19}},"loc":{"start":{"line":74,"column":28},"end":{"line":74,"column":41}},"line":74},"3":{"name":"(anonymous_3)","decl":{"start":{"line":75,"column":14},"end":{"line":75,"column":15}},"loc":{"start":{"line":75,"column":20},"end":{"line":79,"column":7}},"line":75},"4":{"name":"(anonymous_4)","decl":{"start":{"line":77,"column":28},"end":{"line":77,"column":29}},"loc":{"start":{"line":77,"column":34},"end":{"line":77,"column":82}},"line":77},"5":{"name":"(anonymous_5)","decl":{"start":{"line":80,"column":19},"end":{"line":80,"column":20}},"loc":{"start":{"line":80,"column":25},"end":{"line":80,"column":50}},"line":80},"6":{"name":"(anonymous_6)","decl":{"start":{"line":84,"column":33},"end":{"line":84,"column":34}},"loc":{"start":{"line":84,"column":39},"end":{"line":84,"column":51}},"line":84},"7":{"name":"(anonymous_7)","decl":{"start":{"line":85,"column":26},"end":{"line":85,"column":27}},"loc":{"start":{"line":85,"column":32},"end":{"line":87,"column":7}},"line":85},"8":{"name":"(anonymous_8)","decl":{"start":{"line":85,"column":32},"end":{"line":85,"column":33}},"loc":{"start":{"line":85,"column":43},"end":{"line":87,"column":7}},"line":85}},"branchMap":{},"s":{"0":2,"1":2,"2":3,"3":1,"4":1,"5":1,"6":3,"7":2,"8":2,"9":2},"f":{"0":2,"1":3,"2":1,"3":1,"4":0,"5":3,"6":2,"7":2,"8":2},"b":{},"_coverageSchema":"1a1c01bbd47fc00a2c39e90264f33305004495a9","hash":"1e68701340ce7fbfd1ab6a929805a8d490bb6340"}
,"C:\\Users\\natal\\Documents\\8. CORNER ESTUDIOS\\CommodaFlow\\mobile\\store\\hardwareStore.ts": {"path":"C:\\Users\\natal\\Documents\\8. CORNER ESTUDIOS\\CommodaFlow\\mobile\\store\\hardwareStore.ts","statementMap":{"0":{"start":{"line":64,"column":32},"end":{"line":94,"column":1}},"1":{"start":{"line":66,"column":19},"end":{"line":86,"column":5}},"2":{"start":{"line":71,"column":27},"end":{"line":71,"column":41}},"3":{"start":{"line":72,"column":33},"end":{"line":72,"column":51}},"4":{"start":{"line":73,"column":27},"end":{"line":73,"column":41}},"5":{"start":{"line":74,"column":39},"end":{"line":74,"column":59}},"6":{"start":{"line":76,"column":39},"end":{"line":76,"column":44}},"7":{"start":{"line":77,"column":8},"end":{"line":77,"column":46}},"8":{"start":{"line":77,"column":33},"end":{"line":77,"column":46}},"9":{"start":{"line":78,"column":18},"end":{"line":78,"column":43}},"10":{"start":{"line":79,"column":8},"end":{"line":84,"column":10}},"11":{"start":{"line":81,"column":12},"end":{"line":83,"column":45}},"12":{"start":{"line":89,"column":39},"end":{"line":89,"column":51}},"13":{"start":{"line":91,"column":30},"end":{"line":91,"column":52}}},"fnMap":{"0":{"name":"(anonymous_0)","decl":{"start":{"line":66,"column":4},"end":{"line":66,"column":5}},"loc":{"start":{"line":66,"column":19},"end":{"line":86,"column":5}},"line":66},"1":{"name":"(anonymous_1)","decl":{"start":{"line":71,"column":16},"end":{"line":71,"column":17}},"loc":{"start":{"line":71,"column":27},"end":{"line":71,"column":41}},"line":71},"2":{"name":"(anonymous_2)","decl":{"start":{"line":72,"column":18},"end":{"line":72,"column":19}},"loc":{"start":{"line":72,"column":33},"end":{"line":72,"column":51}},"line":72},"3":{"name":"(anonymous_3)","decl":{"start":{"line":73,"column":16},"end":{"line":73,"column":17}},"loc":{"start":{"line":73,"column":27},"end":{"line":73,"column":41}},"line":73},"4":{"name":"(anonymous_4)","decl":{"start":{"line":74,"column":22},"end":{"line":74,"column":23}},"loc":{"start":{"line":74,"column":39},"end":{"line":74,"column":59}},"line":74},"5":{"name":"(anonymous_5)","decl":{"start":{"line":75,"column":21},"end":{"line":75,"column":22}},"loc":{"start":{"line":75,"column":27},"end":{"line":85,"column":7}},"line":75},"6":{"name":"(anonymous_6)","decl":{"start":{"line":80,"column":10},"end":{"line":80,"column":11}},"loc":{"start":{"line":81,"column":12},"end":{"line":83,"column":45}},"line":81},"7":{"name":"(anonymous_7)","decl":{"start":{"line":89,"column":33},"end":{"line":89,"column":34}},"loc":{"start":{"line":89,"column":39},"end":{"line":89,"column":51}},"line":89},"8":{"name":"(anonymous_8)","decl":{"start":{"line":91,"column":18},"end":{"line":91,"column":19}},"loc":{"start":{"line":91,"column":30},"end":{"line":91,"column":52}},"line":91}},"branchMap":{"0":{"loc":{"start":{"line":77,"column":8},"end":{"line":77,"column":46}},"type":"if","locations":[{"start":{"line":77,"column":8},"end":{"line":77,"column":46}},{"start":{},"end":{}}],"line":77},"1":{"loc":{"start":{"line":81,"column":12},"end":{"line":83,"column":45}},"type":"binary-expr","locations":[{"start":{"line":81,"column":12},"end":{"line":81,"column":45}},{"start":{"line":82,"column":12},"end":{"line":82,"column":48}},{"start":{"line":83,"column":12},"end":{"line":83,"column":45}}],"line":81}},"s":{"0":2,"1":2,"2":7,"3":1,"4":2,"5":5,"6":6,"7":6,"8":1,"9":5,"10":5,"11":15,"12":2,"13":26},"f":{"0":2,"1":7,"2":1,"3":2,"4":5,"5":6,"6":15,"7":2,"8":26},"b":{"0":[1,5],"1":[15,13,12]},"_coverageSchema":"1a1c01bbd47fc00a2c39e90264f33305004495a9","hash":"b8364eb84e9aad86c6dc16a0f208162eb2e852f7"}
,"C:\\Users\\natal\\Documents\\8. CORNER ESTUDIOS\\CommodaFlow\\mobile\\store\\rentalStore.ts": {"path":"C:\\Users\\natal\\Documents\\8. CORNER ESTUDIOS\\CommodaFlow\\mobile\\store\\rentalStore.ts","statementMap":{"0":{"start":{"line":62,"column":30},"end":{"line":92,"column":1}},"1":{"start":{"line":64,"column":19},"end":{"line":84,"column":5}},"2":{"start":{"line":69,"column":27},"end":{"line":69,"column":41}},"3":{"start":{"line":70,"column":33},"end":{"line":70,"column":51}},"4":{"start":{"line":71,"column":27},"end":{"line":71,"column":41}},"5":{"start":{"line":72,"column":39},"end":{"line":72,"column":59}},"6":{"start":{"line":74,"column":39},"end":{"line":74,"column":44}},"7":{"start":{"line":75,"column":8},"end":{"line":75,"column":46}},"8":{"start":{"line":75,"column":33},"end":{"line":75,"column":46}},"9":{"start":{"line":76,"column":18},"end":{"line":76,"column":43}},"10":{"start":{"line":77,"column":8},"end":{"line":82,"column":10}},"11":{"start":{"line":79,"column":12},"end":{"line":81,"column":46}},"12":{"start":{"line":87,"column":39},"end":{"line":87,"column":51}},"13":{"start":{"line":89,"column":30},"end":{"line":89,"column":52}}},"fnMap":{"0":{"name":"(anonymous_0)","decl":{"start":{"line":64,"column":4},"end":{"line":64,"column":5}},"loc":{"start":{"line":64,"column":19},"end":{"line":84,"column":5}},"line":64},"1":{"name":"(anonymous_1)","decl":{"start":{"line":69,"column":16},"end":{"line":69,"column":17}},"loc":{"start":{"line":69,"column":27},"end":{"line":69,"column":41}},"line":69},"2":{"name":"(anonymous_2)","decl":{"start":{"line":70,"column":18},"end":{"line":70,"column":19}},"loc":{"start":{"line":70,"column":33},"end":{"line":70,"column":51}},"line":70},"3":{"name":"(anonymous_3)","decl":{"start":{"line":71,"column":16},"end":{"line":71,"column":17}},"loc":{"start":{"line":71,"column":27},"end":{"line":71,"column":41}},"line":71},"4":{"name":"(anonymous_4)","decl":{"start":{"line":72,"column":22},"end":{"line":72,"column":23}},"loc":{"start":{"line":72,"column":39},"end":{"line":72,"column":59}},"line":72},"5":{"name":"(anonymous_5)","decl":{"start":{"line":73,"column":21},"end":{"line":73,"column":22}},"loc":{"start":{"line":73,"column":27},"end":{"line":83,"column":7}},"line":73},"6":{"name":"(anonymous_6)","decl":{"start":{"line":78,"column":10},"end":{"line":78,"column":11}},"loc":{"start":{"line":79,"column":12},"end":{"line":81,"column":46}},"line":79},"7":{"name":"(anonymous_7)","decl":{"start":{"line":87,"column":33},"end":{"line":87,"column":34}},"loc":{"start":{"line":87,"column":39},"end":{"line":87,"column":51}},"line":87},"8":{"name":"(anonymous_8)","decl":{"start":{"line":89,"column":18},"end":{"line":89,"column":19}},"loc":{"start":{"line":89,"column":30},"end":{"line":89,"column":52}},"line":89}},"branchMap":{"0":{"loc":{"start":{"line":75,"column":8},"end":{"line":75,"column":46}},"type":"if","locations":[{"start":{"line":75,"column":8},"end":{"line":75,"column":46}},{"start":{},"end":{}}],"line":75},"1":{"loc":{"start":{"line":79,"column":12},"end":{"line":81,"column":46}},"type":"binary-expr","locations":[{"start":{"line":79,"column":12},"end":{"line":79,"column":55}},{"start":{"line":80,"column":12},"end":{"line":80,"column":50}},{"start":{"line":81,"column":12},"end":{"line":81,"column":46}}],"line":79}},"s":{"0":1,"1":1,"2":5,"3":0,"4":0,"5":3,"6":4,"7":4,"8":1,"9":3,"10":3,"11":6,"12":1,"13":13},"f":{"0":1,"1":5,"2":0,"3":0,"4":3,"5":4,"6":6,"7":1,"8":13},"b":{"0":[1,3],"1":[6,5,4]},"_coverageSchema":"1a1c01bbd47fc00a2c39e90264f33305004495a9","hash":"051318108b4f55bfda70d676b48b1d4c3f4e3bc6"}
}
