TN:
SF:components\RentalModal.tsx
FN:37,todayStr
FN:49,tomorrowStr
FN:63,calcDays
FN:76,toDate
FN:88,formatDisplay
FN:126,RentalModal
FN:137,(anonymous_6)
FN:144,(anonymous_7)
FN:156,(anonymous_8)
FN:185,handleDateChange
FN:211,handleConfirm
FN:230,(anonymous_11)
FN:282,(anonymous_12)
FN:290,(anonymous_13)
FN:304,(anonymous_14)
FN:408,DateField
FNF:16
FNH:8
FNDA:2,todayStr
FNDA:2,tomorrowStr
FNDA:2,calcDays
FNDA:2,toDate
FNDA:0,formatDisplay
FNDA:2,RentalModal
FNDA:2,(anonymous_6)
FNDA:2,(anonymous_7)
FNDA:2,(anonymous_8)
FNDA:0,handleDateChange
FNDA:0,handleConfirm
FNDA:0,(anonymous_11)
FNDA:0,(anonymous_12)
FNDA:0,(anonymous_13)
FNDA:0,(anonymous_14)
FNDA:0,DateField
DA:38,2
DA:39,2
DA:50,2
DA:51,2
DA:52,2
DA:64,2
DA:65,2
DA:66,2
DA:77,2
DA:78,2
DA:89,0
DA:90,0
DA:91,0
DA:127,2
DA:128,2
DA:130,2
DA:131,2
DA:133,2
DA:134,2
DA:137,2
DA:138,2
DA:139,2
DA:140,2
DA:144,2
DA:145,2
DA:146,2
DA:147,2
DA:156,2
DA:157,2
DA:158,2
DA:159,2
DA:161,2
DA:162,0
DA:165,2
DA:166,2
DA:167,2
DA:168,2
DA:172,2
DA:187,0
DA:188,0
DA:190,0
DA:191,0
DA:192,0
DA:194,0
DA:195,0
DA:196,0
DA:197,0
DA:199,0
DA:200,0
DA:212,0
DA:214,0
DA:215,0
DA:216,0
DA:229,0
DA:230,0
DA:231,0
DA:234,0
DA:236,0
DA:237,0
DA:238,0
DA:240,0
DA:242,0
DA:246,2
DA:248,0
DA:282,0
DA:290,0
DA:304,0
DA:411,0
DA:437,1
DA:474,1
LF:70
LH:37
BRDA:78,0,0,0
BRDA:78,0,1,2
BRDA:90,1,0,0
BRDA:90,1,1,0
BRDA:128,2,0,2
BRDA:128,2,1,0
BRDA:161,3,0,0
BRDA:161,3,1,2
BRDA:166,4,0,0
BRDA:166,4,1,2
BRDA:167,5,0,0
BRDA:167,5,1,2
BRDA:172,6,0,2
BRDA:172,6,1,2
BRDA:187,7,0,0
BRDA:187,7,1,0
BRDA:188,8,0,0
BRDA:188,8,1,0
BRDA:191,9,0,0
BRDA:191,9,1,0
BRDA:194,10,0,0
BRDA:194,10,1,0
BRDA:199,11,0,0
BRDA:199,11,1,0
BRDA:212,12,0,0
BRDA:212,12,1,0
BRDA:212,13,0,0
BRDA:212,13,1,0
BRDA:229,14,0,0
BRDA:229,14,1,0
BRDA:231,15,0,0
BRDA:231,15,1,0
BRDA:240,16,0,0
BRDA:240,16,1,0
BRDA:246,17,0,2
BRDA:246,17,1,0
BRDA:297,18,0,0
BRDA:297,18,1,0
BRDA:297,18,2,0
BRDA:301,19,0,0
BRDA:301,19,1,0
BRDA:311,20,0,0
BRDA:311,20,1,0
BRDA:314,21,0,0
BRDA:314,21,1,0
BRDA:316,22,0,0
BRDA:316,22,1,0
BRDA:324,23,0,0
BRDA:324,23,1,0
BRDA:324,23,2,0
BRDA:326,24,0,0
BRDA:326,24,1,0
BRDA:329,25,0,0
BRDA:329,25,1,0
BRDA:335,26,0,0
BRDA:335,26,1,0
BRDA:344,27,0,0
BRDA:344,27,1,0
BRDA:345,28,0,0
BRDA:345,28,1,0
BRDA:346,29,0,0
BRDA:346,29,1,0
BRDA:350,30,0,0
BRDA:350,30,1,0
BRDA:353,31,0,0
BRDA:353,31,1,0
BRDA:355,32,0,0
BRDA:355,32,1,0
BRDA:376,33,0,0
BRDA:376,33,1,0
BRDA:379,34,0,0
BRDA:379,34,1,0
BRDA:381,35,0,0
BRDA:381,35,1,0
BRDA:415,36,0,0
BRDA:415,36,1,0
BRDA:424,37,0,0
BRDA:424,37,1,0
BRDA:426,38,0,0
BRDA:426,38,1,0
BRF:80
BRH:8
end_of_record
TN:
SF:components\SwipeableRow.tsx
FN:56,SwipeableRow
FN:61,(anonymous_1)
FN:67,(anonymous_2)
FN:70,(anonymous_3)
FN:80,(anonymous_4)
FN:85,(anonymous_5)
FNF:6
FNH:0
FNDA:0,SwipeableRow
FNDA:0,(anonymous_1)
FNDA:0,(anonymous_2)
FNDA:0,(anonymous_3)
FNDA:0,(anonymous_4)
FNDA:0,(anonymous_5)
DA:16,0
DA:57,0
DA:59,0
DA:63,0
DA:64,0
DA:68,0
DA:70,0
DA:71,0
DA:75,0
DA:80,0
DA:85,0
DA:94,0
DA:110,0
LF:13
LH:0
BRDA:63,0,0,0
BRDA:63,0,1,0
BRDA:68,1,0,0
BRDA:68,1,1,0
BRDA:71,2,0,0
BRDA:71,2,1,0
BRF:6
BRH:0
end_of_record
TN:
SF:components\items\HardwareCard.tsx
FN:71,HardwareCard
FNF:1
FNH:1
FNDA:7,HardwareCard
DA:30,2
DA:40,2
DA:72,7
DA:73,7
DA:74,7
DA:75,7
DA:77,7
DA:106,2
LF:8
LH:8
BRDA:71,0,0,5
BRDA:73,1,0,7
BRDA:73,1,1,0
BRDA:74,2,0,7
BRDA:74,2,1,0
BRDA:75,3,0,7
BRDA:75,3,1,0
BRDA:85,4,0,6
BRDA:85,4,1,1
BRDA:88,5,0,7
BRDA:88,5,1,0
BRF:11
BRH:7
end_of_record
TN:
SF:components\items\RentalCard.tsx
FN:35,daysRemaining
FN:43,fmtDate
FN:69,RentalCard
FNF:3
FNH:0
FNDA:0,daysRemaining
FNDA:0,fmtDate
FNDA:0,RentalCard
DA:20,0
DA:36,0
DA:37,0
DA:38,0
DA:39,0
DA:44,0
DA:45,0
DA:46,0
DA:47,0
DA:70,0
DA:71,0
DA:72,0
DA:73,0
DA:74,0
DA:76,0
DA:115,0
LF:16
LH:0
BRDA:36,0,0,0
BRDA:36,0,1,0
BRDA:38,1,0,0
BRDA:38,1,1,0
BRDA:44,2,0,0
BRDA:44,2,1,0
BRDA:46,3,0,0
BRDA:46,3,1,0
BRDA:71,4,0,0
BRDA:71,4,1,0
BRDA:72,5,0,0
BRDA:72,5,1,0
BRDA:82,6,0,0
BRDA:82,6,1,0
BRDA:93,7,0,0
BRDA:93,7,1,0
BRDA:104,8,0,0
BRDA:104,8,1,0
BRDA:105,9,0,0
BRDA:105,9,1,0
BRDA:105,9,2,0
BRDA:106,10,0,0
BRDA:106,10,1,0
BRDA:107,11,0,0
BRDA:107,11,1,0
BRF:25
BRH:0
end_of_record
TN:
SF:lib\firebase.ts
FNF:0
FNH:0
DA:12,0
DA:22,0
DA:35,0
DA:36,0
DA:40,0
LF:5
LH:0
BRDA:22,0,0,0
BRDA:22,0,1,0
BRF:2
BRH:0
end_of_record
TN:
SF:lib\notifications.ts
FN:11,configureNotificationHandler
FN:13,(anonymous_1)
FN:30,requestNotificationPermission
FN:62,scheduleReturnReminder
FNF:4
FNH:2
FNDA:0,configureNotificationHandler
FNDA:0,(anonymous_1)
FNDA:4,requestNotificationPermission
FNDA:4,scheduleReturnReminder
DA:12,0
DA:13,0
DA:31,4
DA:32,4
DA:34,4
DA:35,1
DA:36,1
DA:40,4
DA:41,0
DA:48,4
DA:66,4
DA:67,4
DA:70,3
DA:71,3
DA:72,1
DA:75,2
DA:87,2
LF:17
LH:14
BRDA:34,0,0,1
BRDA:34,0,1,3
BRDA:40,1,0,0
BRDA:40,1,1,4
BRDA:67,2,0,1
BRDA:67,2,1,3
BRDA:71,3,0,1
BRDA:71,3,1,2
BRDA:71,4,0,3
BRDA:71,4,1,3
BRF:10
BRH:9
end_of_record
TN:
SF:store\authStore.ts
FN:68,(anonymous_0)
FN:73,(anonymous_1)
FN:74,(anonymous_2)
FN:75,(anonymous_3)
FN:77,(anonymous_4)
FN:80,(anonymous_5)
FN:84,(anonymous_6)
FN:85,(anonymous_7)
FN:85,(anonymous_8)
FNF:9
FNH:8
FNDA:2,(anonymous_0)
FNDA:3,(anonymous_1)
FNDA:1,(anonymous_2)
FNDA:1,(anonymous_3)
FNDA:0,(anonymous_4)
FNDA:3,(anonymous_5)
FNDA:2,(anonymous_6)
FNDA:2,(anonymous_7)
FNDA:2,(anonymous_8)
DA:66,2
DA:68,2
DA:73,3
DA:74,1
DA:77,1
DA:78,1
DA:80,3
DA:84,2
DA:85,2
DA:86,2
LF:10
LH:10
BRF:0
BRH:0
end_of_record
TN:
SF:store\hardwareStore.ts
FN:66,(anonymous_0)
FN:71,(anonymous_1)
FN:72,(anonymous_2)
FN:73,(anonymous_3)
FN:74,(anonymous_4)
FN:75,(anonymous_5)
FN:80,(anonymous_6)
FN:89,(anonymous_7)
FN:91,(anonymous_8)
FNF:9
FNH:9
FNDA:2,(anonymous_0)
FNDA:7,(anonymous_1)
FNDA:1,(anonymous_2)
FNDA:2,(anonymous_3)
FNDA:5,(anonymous_4)
FNDA:6,(anonymous_5)
FNDA:15,(anonymous_6)
FNDA:2,(anonymous_7)
FNDA:26,(anonymous_8)
DA:64,2
DA:66,2
DA:71,7
DA:72,1
DA:73,2
DA:74,5
DA:76,6
DA:77,6
DA:78,5
DA:79,5
DA:81,15
DA:89,2
DA:91,26
LF:13
LH:13
BRDA:77,0,0,1
BRDA:77,0,1,5
BRDA:81,1,0,15
BRDA:81,1,1,13
BRDA:81,1,2,12
BRF:5
BRH:5
end_of_record
TN:
SF:store\rentalStore.ts
FN:64,(anonymous_0)
FN:69,(anonymous_1)
FN:70,(anonymous_2)
FN:71,(anonymous_3)
FN:72,(anonymous_4)
FN:73,(anonymous_5)
FN:78,(anonymous_6)
FN:87,(anonymous_7)
FN:89,(anonymous_8)
FNF:9
FNH:7
FNDA:1,(anonymous_0)
FNDA:5,(anonymous_1)
FNDA:0,(anonymous_2)
FNDA:0,(anonymous_3)
FNDA:3,(anonymous_4)
FNDA:4,(anonymous_5)
FNDA:6,(anonymous_6)
FNDA:1,(anonymous_7)
FNDA:13,(anonymous_8)
DA:62,1
DA:64,1
DA:69,5
DA:70,0
DA:71,0
DA:72,3
DA:74,4
DA:75,4
DA:76,3
DA:77,3
DA:79,6
DA:87,1
DA:89,13
LF:13
LH:11
BRDA:75,0,0,1
BRDA:75,0,1,3
BRDA:79,1,0,6
BRDA:79,1,1,5
BRDA:79,1,2,4
BRF:5
BRH:5
end_of_record
